0 info it worked if it ends with ok
1 verbose cli [ 'C:\\Program Files\\nodejs\\\\node.exe',
1 verbose cli   'C:\\Program Files\\nodejs\\node_modules\\npm\\bin\\npm-cli.js',
1 verbose cli   'install',
1 verbose cli   'hiredis' ]
2 info using npm@2.11.3
3 info using node@v0.12.7
4 verbose install initial load of D:\workspace\express\app\package.json
5 verbose installManyTop reading scoped package data from D:\workspace\express\app\node_modules\body-parser\package.json
6 verbose installManyTop reading scoped package data from D:\workspace\express\app\node_modules\connect-mongo\package.json
7 verbose installManyTop reading scoped package data from D:\workspace\express\app\node_modules\connect-redis\package.json
8 verbose installManyTop reading scoped package data from D:\workspace\express\app\node_modules\cookie-parser\package.json
9 verbose installManyTop reading scoped package data from D:\workspace\express\app\node_modules\debug\package.json
10 verbose installManyTop reading scoped package data from D:\workspace\express\app\node_modules\ejs\package.json
11 verbose installManyTop reading scoped package data from D:\workspace\express\app\node_modules\express\package.json
12 verbose installManyTop reading scoped package data from D:\workspace\express\app\node_modules\express-handlebars\package.json
13 verbose installManyTop reading scoped package data from D:\workspace\express\app\node_modules\express-session\package.json
14 verbose installManyTop reading scoped package data from D:\workspace\express\app\node_modules\hbs\package.json
15 verbose installManyTop reading scoped package data from D:\workspace\express\app\node_modules\jade\package.json
16 verbose installManyTop reading scoped package data from D:\workspace\express\app\node_modules\log4js\package.json
17 verbose installManyTop reading scoped package data from D:\workspace\express\app\node_modules\morgan\package.json
18 verbose installManyTop reading scoped package data from D:\workspace\express\app\node_modules\multer\package.json
19 verbose installManyTop reading scoped package data from D:\workspace\express\app\node_modules\mysql\package.json
20 verbose installManyTop reading scoped package data from D:\workspace\express\app\node_modules\redis\package.json
21 verbose installManyTop reading scoped package data from D:\workspace\express\app\node_modules\serve-favicon\package.json
22 verbose readDependencies loading dependencies from D:\workspace\express\app\package.json
23 silly cache add args [ 'hiredis', null ]
24 verbose cache add spec hiredis
25 silly cache add parsed spec { raw: 'hiredis',
25 silly cache add   scope: null,
25 silly cache add   name: 'hiredis',
25 silly cache add   rawSpec: '',
25 silly cache add   spec: '*',
25 silly cache add   type: 'range' }
26 silly addNamed hiredis@*
27 verbose addNamed "*" is a valid semver range for hiredis
28 silly addNameRange { name: 'hiredis', range: '*', hasData: false }
29 silly mapToRegistry name hiredis
30 silly mapToRegistry using default registry
31 silly mapToRegistry registry https://registry.npmjs.org/
32 silly mapToRegistry uri https://registry.npmjs.org/hiredis
33 verbose addNameRange registry:https://registry.npmjs.org/hiredis not in flight; fetching
34 verbose request uri https://registry.npmjs.org/hiredis
35 verbose request no auth needed
36 info attempt registry request try #1 at 11:46:50
37 verbose request id 34ab2e43413e2d6a
38 verbose etag "DZ9Y9UR1ZE0XKKCEZ8I6EYVOB"
39 http request GET https://registry.npmjs.org/hiredis
40 http 304 https://registry.npmjs.org/hiredis
41 silly get cb [ 304,
41 silly get   { date: 'Tue, 01 Mar 2016 03:46:54 GMT',
41 silly get     via: '1.1 varnish',
41 silly get     'cache-control': 'max-age=300',
41 silly get     etag: '"DZ9Y9UR1ZE0XKKCEZ8I6EYVOB"',
41 silly get     age: '0',
41 silly get     connection: 'keep-alive',
41 silly get     'x-served-by': 'cache-nrt6123-NRT',
41 silly get     'x-cache': 'HIT',
41 silly get     'x-cache-hits': '1',
41 silly get     'x-timer': 'S1456804014.843105,VS0,VE533',
41 silly get     vary: 'Accept' } ]
42 verbose etag https://registry.npmjs.org/hiredis from cache
43 verbose get saving hiredis to C:\Users\Administrator\AppData\Roaming\npm-cache\registry.npmjs.org\hiredis\.cache.json
44 silly addNameRange number 2 { name: 'hiredis', range: '*', hasData: true }
45 silly addNameRange versions [ 'hiredis',
45 silly addNameRange   [ '0.1.0',
45 silly addNameRange     '0.1.1',
45 silly addNameRange     '0.1.2',
45 silly addNameRange     '0.1.3',
45 silly addNameRange     '0.1.4',
45 silly addNameRange     '0.1.5',
45 silly addNameRange     '0.1.6',
45 silly addNameRange     '0.1.8',
45 silly addNameRange     '0.1.9',
45 silly addNameRange     '0.1.10',
45 silly addNameRange     '0.1.12',
45 silly addNameRange     '0.1.13',
45 silly addNameRange     '0.1.14',
45 silly addNameRange     '0.1.15',
45 silly addNameRange     '0.1.16',
45 silly addNameRange     '0.1.17',
45 silly addNameRange     '0.2.0',
45 silly addNameRange     '0.3.0',
45 silly addNameRange     '0.4.0',
45 silly addNameRange     '0.4.1' ] ]
46 silly addNamed hiredis@0.4.1
47 verbose addNamed "0.4.1" is a plain semver version for hiredis
48 silly cache afterAdd hiredis@0.4.1
49 verbose afterAdd C:\Users\Administrator\AppData\Roaming\npm-cache\hiredis\0.4.1\package\package.json not in flight; writing
50 verbose afterAdd C:\Users\Administrator\AppData\Roaming\npm-cache\hiredis\0.4.1\package\package.json written
51 silly install resolved [ { name: 'hiredis',
51 silly install resolved     description: 'Wrapper for reply processing code in hiredis',
51 silly install resolved     version: '0.4.1',
51 silly install resolved     homepage: 'http://github.com/redis/hiredis-node',
51 silly install resolved     author: { name: 'Jan-Erik Rediger', email: 'janerik@fnordig.de' },
51 silly install resolved     contributors: [ [Object] ],
51 silly install resolved     main: 'hiredis',
51 silly install resolved     scripts:
51 silly install resolved      { test: 'node test/reader.js && node test/writer.js',
51 silly install resolved        install: 'node-gyp rebuild' },
51 silly install resolved     dependencies: { bindings: '*', nan: '^2.0.5' },
51 silly install resolved     engines: { node: '>= 0.8.0' },
51 silly install resolved     repository:
51 silly install resolved      { type: 'git',
51 silly install resolved        url: 'git+https://github.com/redis/hiredis-node.git' },
51 silly install resolved     bugs: { url: 'https://github.com/redis/hiredis-node/issues' },
51 silly install resolved     license: 'BSD-3-Clause',
51 silly install resolved     gypfile: true,
51 silly install resolved     gitHead: 'bed20ca1fadf28945e7a78c5f6bf68d27479504b',
51 silly install resolved     _id: 'hiredis@0.4.1',
51 silly install resolved     _shasum: 'aab4dcfd0fc4cbdb219d268005f2335a3c639e8f',
51 silly install resolved     _from: 'hiredis@*',
51 silly install resolved     _npmVersion: '2.14.0',
51 silly install resolved     _nodeVersion: '0.12.7',
51 silly install resolved     _npmUser: { name: 'badboy_', email: 'janerik@fnordig.de' },
51 silly install resolved     maintainers: [ [Object], [Object] ],
51 silly install resolved     dist:
51 silly install resolved      { shasum: 'aab4dcfd0fc4cbdb219d268005f2335a3c639e8f',
51 silly install resolved        tarball: 'http://registry.npmjs.org/hiredis/-/hiredis-0.4.1.tgz' },
51 silly install resolved     directories: {},
51 silly install resolved     _resolved: 'https://registry.npmjs.org/hiredis/-/hiredis-0.4.1.tgz',
51 silly install resolved     readme: 'ERROR: No README data found!' } ]
52 info install hiredis@0.4.1 into D:\workspace\express\app
53 info installOne hiredis@0.4.1
54 verbose installOne of hiredis to D:\workspace\express\app not in flight; installing
55 verbose lock using C:\Users\Administrator\AppData\Roaming\npm-cache\_locks\hiredis-411987a8a3af668e.lock for D:\workspace\express\app\node_modules\hiredis
56 silly install write writing hiredis 0.4.1 to D:\workspace\express\app\node_modules\hiredis
57 verbose unbuild node_modules\hiredis
58 silly gentlyRm D:\workspace\express\app\node_modules\hiredis is being purged from base D:\workspace\express\app
59 verbose gentlyRm don't care about contents; nuking D:\workspace\express\app\node_modules\hiredis
60 verbose tar unpack C:\Users\Administrator\AppData\Roaming\npm-cache\hiredis\0.4.1\package.tgz
61 verbose tar unpacking to D:\workspace\express\app\node_modules\hiredis
62 silly gentlyRm D:\workspace\express\app\node_modules\hiredis is being purged
63 verbose gentlyRm don't care about contents; nuking D:\workspace\express\app\node_modules\hiredis
64 silly gunzTarPerm modes [ '777', '666' ]
65 silly gunzTarPerm extractEntry package.json
66 silly gunzTarPerm modified mode [ 'package.json', 420, 438 ]
67 silly gunzTarPerm extractEntry .npmignore
68 silly gunzTarPerm modified mode [ '.npmignore', 420, 438 ]
69 silly gunzTarPerm extractEntry README.md
70 silly gunzTarPerm modified mode [ 'README.md', 420, 438 ]
71 silly gunzTarPerm extractEntry hiredis.js
72 silly gunzTarPerm modified mode [ 'hiredis.js', 420, 438 ]
73 silly gunzTarPerm extractEntry bench.js
74 silly gunzTarPerm modified mode [ 'bench.js', 420, 438 ]
75 silly gunzTarPerm extractEntry CHANGELOG.md
76 silly gunzTarPerm modified mode [ 'CHANGELOG.md', 420, 438 ]
77 silly gunzTarPerm extractEntry Makefile
78 silly gunzTarPerm modified mode [ 'Makefile', 420, 438 ]
79 silly gunzTarPerm extractEntry appveyor.yml
80 silly gunzTarPerm modified mode [ 'appveyor.yml', 420, 438 ]
81 silly gunzTarPerm extractEntry .gitmodules
82 silly gunzTarPerm modified mode [ '.gitmodules', 420, 438 ]
83 silly gunzTarPerm extractEntry binding.gyp
84 silly gunzTarPerm modified mode [ 'binding.gyp', 420, 438 ]
85 silly gunzTarPerm extractEntry deps/hiredis/.npmignore
86 silly gunzTarPerm modified mode [ 'deps/hiredis/.npmignore', 420, 438 ]
87 silly gunzTarPerm extractEntry deps/hiredis/README.md
88 silly gunzTarPerm modified mode [ 'deps/hiredis/README.md', 420, 438 ]
89 silly gunzTarPerm extractEntry deps/hiredis/CHANGELOG.md
90 silly gunzTarPerm modified mode [ 'deps/hiredis/CHANGELOG.md', 420, 438 ]
91 silly gunzTarPerm extractEntry deps/hiredis/COPYING
92 silly gunzTarPerm modified mode [ 'deps/hiredis/COPYING', 420, 438 ]
93 silly gunzTarPerm extractEntry deps/hiredis/Makefile
94 silly gunzTarPerm modified mode [ 'deps/hiredis/Makefile', 420, 438 ]
95 silly gunzTarPerm extractEntry deps/hiredis/win32.h
96 silly gunzTarPerm modified mode [ 'deps/hiredis/win32.h', 420, 438 ]
97 silly gunzTarPerm extractEntry deps/hiredis/adapters/ae.h
98 silly gunzTarPerm modified mode [ 'deps/hiredis/adapters/ae.h', 420, 438 ]
99 silly gunzTarPerm extractEntry deps/hiredis/adapters/glib.h
100 silly gunzTarPerm modified mode [ 'deps/hiredis/adapters/glib.h', 420, 438 ]
101 silly gunzTarPerm extractEntry deps/hiredis/adapters/libev.h
102 silly gunzTarPerm modified mode [ 'deps/hiredis/adapters/libev.h', 420, 438 ]
103 silly gunzTarPerm extractEntry deps/hiredis/adapters/libevent.h
104 silly gunzTarPerm modified mode [ 'deps/hiredis/adapters/libevent.h', 420, 438 ]
105 silly gunzTarPerm extractEntry deps/hiredis/adapters/libuv.h
106 silly gunzTarPerm modified mode [ 'deps/hiredis/adapters/libuv.h', 420, 438 ]
107 silly gunzTarPerm extractEntry deps/hiredis/async.c
108 silly gunzTarPerm modified mode [ 'deps/hiredis/async.c', 420, 438 ]
109 silly gunzTarPerm extractEntry deps/hiredis/async.h
110 silly gunzTarPerm modified mode [ 'deps/hiredis/async.h', 420, 438 ]
111 silly gunzTarPerm extractEntry deps/hiredis/dict.c
112 silly gunzTarPerm modified mode [ 'deps/hiredis/dict.c', 420, 438 ]
113 silly gunzTarPerm extractEntry deps/hiredis/dict.h
114 silly gunzTarPerm modified mode [ 'deps/hiredis/dict.h', 420, 438 ]
115 silly gunzTarPerm extractEntry deps/hiredis/.travis.yml
116 silly gunzTarPerm modified mode [ 'deps/hiredis/.travis.yml', 420, 438 ]
117 silly gunzTarPerm extractEntry deps/hiredis/fmacros.h
118 silly gunzTarPerm modified mode [ 'deps/hiredis/fmacros.h', 420, 438 ]
119 silly gunzTarPerm extractEntry deps/hiredis/hiredis.c
120 silly gunzTarPerm modified mode [ 'deps/hiredis/hiredis.c', 420, 438 ]
121 silly gunzTarPerm extractEntry deps/hiredis/hiredis.h
122 silly gunzTarPerm modified mode [ 'deps/hiredis/hiredis.h', 420, 438 ]
123 silly gunzTarPerm extractEntry deps/hiredis/net.c
124 silly gunzTarPerm modified mode [ 'deps/hiredis/net.c', 420, 438 ]
125 silly gunzTarPerm extractEntry deps/hiredis/net.h
126 silly gunzTarPerm modified mode [ 'deps/hiredis/net.h', 420, 438 ]
127 silly gunzTarPerm extractEntry deps/hiredis/read.c
128 silly gunzTarPerm modified mode [ 'deps/hiredis/read.c', 420, 438 ]
129 silly gunzTarPerm extractEntry deps/hiredis/read.h
130 silly gunzTarPerm modified mode [ 'deps/hiredis/read.h', 420, 438 ]
131 silly gunzTarPerm extractEntry deps/hiredis/sds.c
132 silly gunzTarPerm modified mode [ 'deps/hiredis/sds.c', 420, 438 ]
133 silly gunzTarPerm extractEntry deps/hiredis/sds.h
134 silly gunzTarPerm modified mode [ 'deps/hiredis/sds.h', 420, 438 ]
135 silly gunzTarPerm extractEntry deps/hiredis/test.c
136 silly gunzTarPerm modified mode [ 'deps/hiredis/test.c', 420, 438 ]
137 silly gunzTarPerm extractEntry deps/hiredis/examples/example-ae.c
138 silly gunzTarPerm modified mode [ 'deps/hiredis/examples/example-ae.c', 420, 438 ]
139 silly gunzTarPerm extractEntry deps/hiredis/examples/example-glib.c
140 silly gunzTarPerm modified mode [ 'deps/hiredis/examples/example-glib.c', 420, 438 ]
141 silly gunzTarPerm extractEntry deps/hiredis/examples/example-libev.c
142 silly gunzTarPerm modified mode [ 'deps/hiredis/examples/example-libev.c', 420, 438 ]
143 silly gunzTarPerm extractEntry deps/hiredis/examples/example-libevent.c
144 silly gunzTarPerm modified mode [ 'deps/hiredis/examples/example-libevent.c', 420, 438 ]
145 silly gunzTarPerm extractEntry deps/hiredis/examples/example-libuv.c
146 silly gunzTarPerm modified mode [ 'deps/hiredis/examples/example-libuv.c', 420, 438 ]
147 silly gunzTarPerm extractEntry deps/hiredis/examples/example.c
148 silly gunzTarPerm modified mode [ 'deps/hiredis/examples/example.c', 420, 438 ]
149 silly gunzTarPerm extractEntry deps/hiredis.gyp
150 silly gunzTarPerm modified mode [ 'deps/hiredis.gyp', 420, 438 ]
151 silly gunzTarPerm extractEntry COPYING
152 silly gunzTarPerm modified mode [ 'COPYING', 420, 438 ]
153 silly gunzTarPerm extractEntry src/hiredis.cc
154 silly gunzTarPerm modified mode [ 'src/hiredis.cc', 420, 438 ]
155 silly gunzTarPerm extractEntry src/reader.cc
156 silly gunzTarPerm modified mode [ 'src/reader.cc', 420, 438 ]
157 silly gunzTarPerm extractEntry src/reader.h
158 silly gunzTarPerm modified mode [ 'src/reader.h', 420, 438 ]
159 silly gunzTarPerm extractEntry .travis.yml
160 silly gunzTarPerm modified mode [ '.travis.yml', 420, 438 ]
161 silly gunzTarPerm extractEntry run-all.sh
162 silly gunzTarPerm modified mode [ 'run-all.sh', 493, 511 ]
163 silly gunzTarPerm extractEntry test/reader.js
164 silly gunzTarPerm modified mode [ 'test/reader.js', 420, 438 ]
165 silly gunzTarPerm extractEntry test/testlib.js
166 silly gunzTarPerm modified mode [ 'test/testlib.js', 420, 438 ]
167 silly gunzTarPerm extractEntry test/writer.js
168 silly gunzTarPerm modified mode [ 'test/writer.js', 420, 438 ]
169 verbose write writing to D:\workspace\express\app\node_modules\hiredis\package.json
170 info preinstall hiredis@0.4.1
171 verbose readDependencies loading dependencies from D:\workspace\express\app\node_modules\hiredis\package.json
172 silly prepareForInstallMany adding bindings@* from hiredis dependencies
173 silly prepareForInstallMany adding nan@^2.0.5 from hiredis dependencies
174 verbose readDependencies loading dependencies from D:\workspace\express\app\node_modules\hiredis\package.json
175 silly cache add args [ 'bindings@*', null ]
176 verbose cache add spec bindings@*
177 silly cache add args [ 'nan@^2.0.5', null ]
178 verbose cache add spec nan@^2.0.5
179 silly cache add parsed spec { raw: 'bindings@*',
179 silly cache add   scope: null,
179 silly cache add   name: 'bindings',
179 silly cache add   rawSpec: '*',
179 silly cache add   spec: '*',
179 silly cache add   type: 'range' }
180 silly addNamed bindings@*
181 verbose addNamed "*" is a valid semver range for bindings
182 silly addNameRange { name: 'bindings', range: '*', hasData: false }
183 silly mapToRegistry name bindings
184 silly mapToRegistry using default registry
185 silly mapToRegistry registry https://registry.npmjs.org/
186 silly mapToRegistry uri https://registry.npmjs.org/bindings
187 verbose addNameRange registry:https://registry.npmjs.org/bindings not in flight; fetching
188 silly cache add parsed spec { raw: 'nan@^2.0.5',
188 silly cache add   scope: null,
188 silly cache add   name: 'nan',
188 silly cache add   rawSpec: '^2.0.5',
188 silly cache add   spec: '>=2.0.5 <3.0.0',
188 silly cache add   type: 'range' }
189 silly addNamed nan@>=2.0.5 <3.0.0
190 verbose addNamed ">=2.0.5 <3.0.0" is a valid semver range for nan
191 silly addNameRange { name: 'nan', range: '>=2.0.5 <3.0.0', hasData: false }
192 silly mapToRegistry name nan
193 silly mapToRegistry using default registry
194 silly mapToRegistry registry https://registry.npmjs.org/
195 silly mapToRegistry uri https://registry.npmjs.org/nan
196 verbose addNameRange registry:https://registry.npmjs.org/nan not in flight; fetching
197 verbose request uri https://registry.npmjs.org/bindings
198 verbose request no auth needed
199 info attempt registry request try #1 at 11:46:51
200 verbose etag "1LLBF9OH58DLBEL4629U6032D"
201 http request GET https://registry.npmjs.org/bindings
202 verbose request uri https://registry.npmjs.org/nan
203 verbose request no auth needed
204 info attempt registry request try #1 at 11:46:51
205 verbose etag "7Y2U1A5TWU1O0YTKGMD4FB8ZN"
206 http request GET https://registry.npmjs.org/nan
207 http 304 https://registry.npmjs.org/bindings
208 silly get cb [ 304,
208 silly get   { date: 'Tue, 01 Mar 2016 03:46:56 GMT',
208 silly get     via: '1.1 varnish',
208 silly get     'cache-control': 'max-age=300',
208 silly get     etag: '"1LLBF9OH58DLBEL4629U6032D"',
208 silly get     age: '271',
208 silly get     connection: 'keep-alive',
208 silly get     'x-served-by': 'cache-nrt6129-NRT',
208 silly get     'x-cache': 'HIT',
208 silly get     'x-cache-hits': '3',
208 silly get     'x-timer': 'S1456804016.420023,VS0,VE0',
208 silly get     vary: 'Accept' } ]
209 verbose etag https://registry.npmjs.org/bindings from cache
210 verbose get saving bindings to C:\Users\Administrator\AppData\Roaming\npm-cache\registry.npmjs.org\bindings\.cache.json
211 silly addNameRange number 2 { name: 'bindings', range: '*', hasData: true }
212 silly addNameRange versions [ 'bindings',
212 silly addNameRange   [ '0.0.1',
212 silly addNameRange     '0.1.0',
212 silly addNameRange     '0.1.1',
212 silly addNameRange     '0.2.0',
212 silly addNameRange     '0.2.1',
212 silly addNameRange     '0.2.2',
212 silly addNameRange     '0.2.3',
212 silly addNameRange     '0.2.4',
212 silly addNameRange     '0.3.0',
212 silly addNameRange     '0.4.0',
212 silly addNameRange     '1.0.0',
212 silly addNameRange     '1.1.0',
212 silly addNameRange     '1.1.1',
212 silly addNameRange     '1.2.0',
212 silly addNameRange     '1.2.1' ] ]
213 silly addNamed bindings@1.2.1
214 verbose addNamed "1.2.1" is a plain semver version for bindings
215 silly cache afterAdd bindings@1.2.1
216 verbose afterAdd C:\Users\Administrator\AppData\Roaming\npm-cache\bindings\1.2.1\package\package.json not in flight; writing
217 verbose afterAdd C:\Users\Administrator\AppData\Roaming\npm-cache\bindings\1.2.1\package\package.json written
218 http 200 https://registry.npmjs.org/nan
219 silly get cb [ 200,
219 silly get   { server: 'CouchDB/1.5.0 (Erlang OTP/R16B03)',
219 silly get     etag: '"BAVERG4EG5W3XHF012VJBMBOB"',
219 silly get     'content-type': 'application/json',
219 silly get     'cache-control': 'max-age=300',
219 silly get     'content-length': '102511',
219 silly get     'accept-ranges': 'bytes',
219 silly get     date: 'Tue, 01 Mar 2016 03:46:56 GMT',
219 silly get     via: '1.1 varnish',
219 silly get     age: '147',
219 silly get     connection: 'keep-alive',
219 silly get     'x-served-by': 'cache-nrt6121-NRT',
219 silly get     'x-cache': 'HIT',
219 silly get     'x-cache-hits': '3',
219 silly get     'x-timer': 'S1456804016.418251,VS0,VE0',
219 silly get     vary: 'Accept' } ]
220 verbose get saving nan to C:\Users\Administrator\AppData\Roaming\npm-cache\registry.npmjs.org\nan\.cache.json
221 silly addNameRange number 2 { name: 'nan', range: '>=2.0.5 <3.0.0', hasData: true }
222 silly addNameRange versions [ 'nan',
222 silly addNameRange   [ '0.3.0-wip',
222 silly addNameRange     '0.3.0-wip2',
222 silly addNameRange     '0.3.0',
222 silly addNameRange     '0.3.1',
222 silly addNameRange     '0.3.2',
222 silly addNameRange     '0.4.0',
222 silly addNameRange     '0.4.1',
222 silly addNameRange     '0.4.2',
222 silly addNameRange     '0.4.3',
222 silly addNameRange     '0.4.4',
222 silly addNameRange     '0.5.0',
222 silly addNameRange     '0.5.1',
222 silly addNameRange     '0.5.2',
222 silly addNameRange     '0.6.0',
222 silly addNameRange     '0.7.0',
222 silly addNameRange     '0.7.1',
222 silly addNameRange     '0.8.0',
222 silly addNameRange     '1.0.0',
222 silly addNameRange     '1.1.0',
222 silly addNameRange     '1.1.1',
222 silly addNameRange     '1.1.2',
222 silly addNameRange     '1.2.0',
222 silly addNameRange     '1.3.0',
222 silly addNameRange     '1.4.0',
222 silly addNameRange     '1.4.1',
222 silly addNameRange     '1.5.0',
222 silly addNameRange     '1.4.2',
222 silly addNameRange     '1.4.3',
222 silly addNameRange     '1.5.1',
222 silly addNameRange     '1.5.2',
222 silly addNameRange     '1.6.0',
222 silly addNameRange     '1.5.3',
222 silly addNameRange     '1.6.1',
222 silly addNameRange     '1.6.2',
222 silly addNameRange     '1.7.0',
222 silly addNameRange     '1.8.0',
222 silly addNameRange     '1.8.1',
222 silly addNameRange     '1.8.2',
222 silly addNameRange     '1.8.3',
222 silly addNameRange     '1.8.4',
222 silly addNameRange     '1.9.0',
222 silly addNameRange     '2.0.0',
222 silly addNameRange     '2.0.1',
222 silly addNameRange     '2.0.2',
222 silly addNameRange     '2.0.3',
222 silly addNameRange     '2.0.4',
222 silly addNameRange     '2.0.5',
222 silly addNameRange     '2.0.6',
222 silly addNameRange     '2.0.7',
222 silly addNameRange     '2.0.8',
222 silly addNameRange     '2.0.9',
222 silly addNameRange     '2.1.0',
222 silly addNameRange     '2.2.0' ] ]
223 silly addNamed nan@2.2.0
224 verbose addNamed "2.2.0" is a plain semver version for nan
225 silly cache afterAdd nan@2.2.0
226 verbose afterAdd C:\Users\Administrator\AppData\Roaming\npm-cache\nan\2.2.0\package\package.json not in flight; writing
227 verbose afterAdd C:\Users\Administrator\AppData\Roaming\npm-cache\nan\2.2.0\package\package.json written
228 silly install resolved [ { name: 'bindings',
228 silly install resolved     description: 'Helper module for loading your native module\'s .node file',
228 silly install resolved     keywords: [ 'native', 'addon', 'bindings', 'gyp', 'waf', 'c', 'c++' ],
228 silly install resolved     version: '1.2.1',
228 silly install resolved     author:
228 silly install resolved      { name: 'Nathan Rajlich',
228 silly install resolved        email: 'nathan@tootallnate.net',
228 silly install resolved        url: 'http://tootallnate.net' },
228 silly install resolved     repository:
228 silly install resolved      { type: 'git',
228 silly install resolved        url: 'git://github.com/TooTallNate/node-bindings.git' },
228 silly install resolved     main: './bindings.js',
228 silly install resolved     bugs: { url: 'https://github.com/TooTallNate/node-bindings/issues' },
228 silly install resolved     homepage: 'https://github.com/TooTallNate/node-bindings',
228 silly install resolved     license: 'MIT',
228 silly install resolved     gitHead: 'e404152ee27f8478ccbc7122ee051246e8e5ec02',
228 silly install resolved     _id: 'bindings@1.2.1',
228 silly install resolved     scripts: {},
228 silly install resolved     _shasum: '14ad6113812d2d37d72e67b4cacb4bb726505f11',
228 silly install resolved     _from: 'bindings@*',
228 silly install resolved     _npmVersion: '1.4.14',
228 silly install resolved     _npmUser: { name: 'tootallnate', email: 'nathan@tootallnate.net' },
228 silly install resolved     maintainers: [ [Object], [Object] ],
228 silly install resolved     dist:
228 silly install resolved      { shasum: '14ad6113812d2d37d72e67b4cacb4bb726505f11',
228 silly install resolved        tarball: 'http://registry.npmjs.org/bindings/-/bindings-1.2.1.tgz' },
228 silly install resolved     directories: {},
228 silly install resolved     _resolved: 'https://registry.npmjs.org/bindings/-/bindings-1.2.1.tgz',
228 silly install resolved     readme: 'ERROR: No README data found!' },
228 silly install resolved   { name: 'nan',
228 silly install resolved     version: '2.2.0',
228 silly install resolved     description: 'Native Abstractions for Node.js: C++ header for Node 0.8 -> 4 compatibility',
228 silly install resolved     main: 'include_dirs.js',
228 silly install resolved     repository: { type: 'git', url: 'git://github.com/nodejs/nan.git' },
228 silly install resolved     scripts:
228 silly install resolved      { test: 'tap --gc test/js/*-test.js',
228 silly install resolved        'rebuild-tests': 'node-gyp rebuild --msvs_version=2013 --directory test',
228 silly install resolved        docs: 'doc/.build.sh' },
228 silly install resolved     contributors:
228 silly install resolved      [ [Object],
228 silly install resolved        [Object],
228 silly install resolved        [Object],
228 silly install resolved        [Object],
228 silly install resolved        [Object],
228 silly install resolved        [Object],
228 silly install resolved        [Object] ],
228 silly install resolved     devDependencies:
228 silly install resolved      { bindings: '~1.2.1',
228 silly install resolved        commander: '^2.8.1',
228 silly install resolved        glob: '^5.0.14',
228 silly install resolved        'node-gyp': '~3.0.1',
228 silly install resolved        tap: '~0.7.1',
228 silly install resolved        xtend: '~4.0.0' },
228 silly install resolved     license: 'MIT',
228 silly install resolved     bugs: { url: 'https://github.com/nodejs/nan/issues' },
228 silly install resolved     homepage: 'https://github.com/nodejs/nan#readme',
228 silly install resolved     _id: 'nan@2.2.0',
228 silly install resolved     _shasum: '779c07135629503cf6a7b7e6aab33049b3c3853c',
228 silly install resolved     _resolved: 'https://registry.npmjs.org/nan/-/nan-2.2.0.tgz',
228 silly install resolved     _from: 'nan@>=2.0.5 <3.0.0',
228 silly install resolved     _npmVersion: '3.3.6',
228 silly install resolved     _nodeVersion: '5.0.0',
228 silly install resolved     _npmUser: { name: 'kkoopa', email: 'bbyholm@abo.fi' },
228 silly install resolved     dist:
228 silly install resolved      { shasum: '779c07135629503cf6a7b7e6aab33049b3c3853c',
228 silly install resolved        tarball: 'http://registry.npmjs.org/nan/-/nan-2.2.0.tgz' },
228 silly install resolved     maintainers: [ [Object], [Object] ],
228 silly install resolved     directories: {},
228 silly install resolved     readme: 'ERROR: No README data found!' } ]
229 info install bindings@1.2.1 into D:\workspace\express\app\node_modules\hiredis
230 info install nan@2.2.0 into D:\workspace\express\app\node_modules\hiredis
231 info installOne bindings@1.2.1
232 verbose installOne of bindings to D:\workspace\express\app\node_modules\hiredis not in flight; installing
233 info installOne nan@2.2.0
234 verbose installOne of nan to D:\workspace\express\app\node_modules\hiredis not in flight; installing
235 verbose lock using C:\Users\Administrator\AppData\Roaming\npm-cache\_locks\bindings-2305ba8367e7f75f.lock for D:\workspace\express\app\node_modules\hiredis\node_modules\bindings
236 silly install write writing bindings 1.2.1 to D:\workspace\express\app\node_modules\hiredis\node_modules\bindings
237 verbose lock using C:\Users\Administrator\AppData\Roaming\npm-cache\_locks\nan-9bcf9cbd4e4eaf32.lock for D:\workspace\express\app\node_modules\hiredis\node_modules\nan
238 silly install write writing nan 2.2.0 to D:\workspace\express\app\node_modules\hiredis\node_modules\nan
239 verbose unbuild node_modules\hiredis\node_modules\bindings
240 silly gentlyRm D:\workspace\express\app\node_modules\hiredis\node_modules\bindings is being purged from base D:\workspace\express\app
241 verbose gentlyRm don't care about contents; nuking D:\workspace\express\app\node_modules\hiredis\node_modules\bindings
242 verbose unbuild node_modules\hiredis\node_modules\nan
243 verbose tar unpack C:\Users\Administrator\AppData\Roaming\npm-cache\bindings\1.2.1\package.tgz
244 verbose tar unpacking to D:\workspace\express\app\node_modules\hiredis\node_modules\bindings
245 silly gentlyRm D:\workspace\express\app\node_modules\hiredis\node_modules\bindings is being purged
246 verbose gentlyRm don't care about contents; nuking D:\workspace\express\app\node_modules\hiredis\node_modules\bindings
247 silly gunzTarPerm modes [ '777', '666' ]
248 silly gentlyRm D:\workspace\express\app\node_modules\hiredis\node_modules\nan is being purged from base D:\workspace\express\app
249 verbose gentlyRm don't care about contents; nuking D:\workspace\express\app\node_modules\hiredis\node_modules\nan
250 verbose tar unpack C:\Users\Administrator\AppData\Roaming\npm-cache\nan\2.2.0\package.tgz
251 verbose tar unpacking to D:\workspace\express\app\node_modules\hiredis\node_modules\nan
252 silly gentlyRm D:\workspace\express\app\node_modules\hiredis\node_modules\nan is being purged
253 verbose gentlyRm don't care about contents; nuking D:\workspace\express\app\node_modules\hiredis\node_modules\nan
254 silly gunzTarPerm modes [ '777', '666' ]
255 silly gunzTarPerm extractEntry package.json
256 silly gunzTarPerm modified mode [ 'package.json', 420, 438 ]
257 silly gunzTarPerm extractEntry README.md
258 silly gunzTarPerm modified mode [ 'README.md', 420, 438 ]
259 silly gunzTarPerm extractEntry bindings.js
260 silly gunzTarPerm modified mode [ 'bindings.js', 420, 438 ]
261 silly gunzTarPerm extractEntry package.json
262 silly gunzTarPerm modified mode [ 'package.json', 436, 438 ]
263 silly gunzTarPerm extractEntry README.md
264 silly gunzTarPerm modified mode [ 'README.md', 436, 438 ]
265 silly gunzTarPerm extractEntry include_dirs.js
266 silly gunzTarPerm modified mode [ 'include_dirs.js', 436, 438 ]
267 silly gunzTarPerm extractEntry nan_converters.h
268 silly gunzTarPerm modified mode [ 'nan_converters.h', 436, 438 ]
269 silly gunzTarPerm extractEntry LICENSE.md
270 silly gunzTarPerm modified mode [ 'LICENSE.md', 436, 438 ]
271 silly gunzTarPerm extractEntry .dntrc
272 silly gunzTarPerm modified mode [ '.dntrc', 436, 438 ]
273 silly gunzTarPerm extractEntry appveyor.yml
274 silly gunzTarPerm modified mode [ 'appveyor.yml', 436, 438 ]
275 silly gunzTarPerm extractEntry doc/new.md
276 silly gunzTarPerm modified mode [ 'doc/new.md', 436, 438 ]
277 silly gunzTarPerm extractEntry doc/.build.sh
278 silly gunzTarPerm modified mode [ 'doc/.build.sh', 509, 511 ]
279 silly gunzTarPerm extractEntry doc/buffers.md
280 silly gunzTarPerm modified mode [ 'doc/buffers.md', 436, 438 ]
281 silly gunzTarPerm extractEntry doc/callback.md
282 silly gunzTarPerm modified mode [ 'doc/callback.md', 436, 438 ]
283 silly gunzTarPerm extractEntry doc/converters.md
284 silly gunzTarPerm modified mode [ 'doc/converters.md', 436, 438 ]
285 silly gunzTarPerm extractEntry doc/errors.md
286 silly gunzTarPerm modified mode [ 'doc/errors.md', 436, 438 ]
287 silly gunzTarPerm extractEntry doc/maybe_types.md
288 silly gunzTarPerm modified mode [ 'doc/maybe_types.md', 436, 438 ]
289 silly gunzTarPerm extractEntry doc/methods.md
290 silly gunzTarPerm modified mode [ 'doc/methods.md', 436, 438 ]
291 silly gunzTarPerm extractEntry doc/asyncworker.md
292 silly gunzTarPerm modified mode [ 'doc/asyncworker.md', 436, 438 ]
293 silly gunzTarPerm extractEntry doc/node_misc.md
294 silly gunzTarPerm modified mode [ 'doc/node_misc.md', 436, 438 ]
295 silly gunzTarPerm extractEntry doc/object_wrappers.md
296 silly gunzTarPerm modified mode [ 'doc/object_wrappers.md', 436, 438 ]
297 silly gunzTarPerm extractEntry doc/persistent.md
298 silly gunzTarPerm modified mode [ 'doc/persistent.md', 436, 438 ]
299 silly gunzTarPerm extractEntry doc/scopes.md
300 silly gunzTarPerm modified mode [ 'doc/scopes.md', 436, 438 ]
301 silly gunzTarPerm extractEntry doc/script.md
302 silly gunzTarPerm modified mode [ 'doc/script.md', 436, 438 ]
303 silly gunzTarPerm extractEntry doc/string_bytes.md
304 silly gunzTarPerm modified mode [ 'doc/string_bytes.md', 436, 438 ]
305 silly gunzTarPerm extractEntry doc/v8_internals.md
306 silly gunzTarPerm modified mode [ 'doc/v8_internals.md', 436, 438 ]
307 silly gunzTarPerm extractEntry doc/v8_misc.md
308 silly gunzTarPerm modified mode [ 'doc/v8_misc.md', 436, 438 ]
309 silly gunzTarPerm extractEntry nan.h
310 silly gunzTarPerm modified mode [ 'nan.h', 436, 438 ]
311 silly gunzTarPerm extractEntry nan_callbacks.h
312 silly gunzTarPerm modified mode [ 'nan_callbacks.h', 436, 438 ]
313 silly gunzTarPerm extractEntry nan_callbacks_12_inl.h
314 silly gunzTarPerm modified mode [ 'nan_callbacks_12_inl.h', 436, 438 ]
315 silly gunzTarPerm extractEntry nan_callbacks_pre_12_inl.h
316 silly gunzTarPerm modified mode [ 'nan_callbacks_pre_12_inl.h', 436, 438 ]
317 silly gunzTarPerm extractEntry nan_converters_43_inl.h
318 silly gunzTarPerm modified mode [ 'nan_converters_43_inl.h', 436, 438 ]
319 silly gunzTarPerm extractEntry nan_converters_pre_43_inl.h
320 silly gunzTarPerm modified mode [ 'nan_converters_pre_43_inl.h', 436, 438 ]
321 silly gunzTarPerm extractEntry nan_implementation_12_inl.h
322 silly gunzTarPerm modified mode [ 'nan_implementation_12_inl.h', 436, 438 ]
323 silly gunzTarPerm extractEntry nan_implementation_pre_12_inl.h
324 silly gunzTarPerm modified mode [ 'nan_implementation_pre_12_inl.h', 436, 438 ]
325 silly gunzTarPerm extractEntry nan_maybe_43_inl.h
326 silly gunzTarPerm modified mode [ 'nan_maybe_43_inl.h', 436, 438 ]
327 silly gunzTarPerm extractEntry nan_maybe_pre_43_inl.h
328 silly gunzTarPerm modified mode [ 'nan_maybe_pre_43_inl.h', 436, 438 ]
329 silly gunzTarPerm extractEntry nan_new.h
330 silly gunzTarPerm modified mode [ 'nan_new.h', 436, 438 ]
331 silly gunzTarPerm extractEntry nan_object_wrap.h
332 silly gunzTarPerm modified mode [ 'nan_object_wrap.h', 436, 438 ]
333 silly gunzTarPerm extractEntry nan_persistent_12_inl.h
334 silly gunzTarPerm modified mode [ 'nan_persistent_12_inl.h', 436, 438 ]
335 silly gunzTarPerm extractEntry nan_persistent_pre_12_inl.h
336 silly gunzTarPerm modified mode [ 'nan_persistent_pre_12_inl.h', 436, 438 ]
337 silly gunzTarPerm extractEntry nan_string_bytes.h
338 silly gunzTarPerm modified mode [ 'nan_string_bytes.h', 436, 438 ]
339 silly gunzTarPerm extractEntry nan_typedarray_contents.h
340 silly gunzTarPerm modified mode [ 'nan_typedarray_contents.h', 436, 438 ]
341 silly gunzTarPerm extractEntry nan_weak.h
342 silly gunzTarPerm modified mode [ 'nan_weak.h', 436, 438 ]
343 silly gunzTarPerm extractEntry CHANGELOG.md
344 silly gunzTarPerm modified mode [ 'CHANGELOG.md', 436, 438 ]
345 silly gunzTarPerm extractEntry tools/package.json
346 silly gunzTarPerm modified mode [ 'tools/package.json', 436, 438 ]
347 silly gunzTarPerm extractEntry tools/README.md
348 silly gunzTarPerm modified mode [ 'tools/README.md', 436, 438 ]
349 silly gunzTarPerm extractEntry tools/1to2.js
350 silly gunzTarPerm modified mode [ 'tools/1to2.js', 509, 511 ]
351 verbose write writing to D:\workspace\express\app\node_modules\hiredis\node_modules\bindings\package.json
352 info preinstall bindings@1.2.1
353 verbose readDependencies loading dependencies from D:\workspace\express\app\node_modules\hiredis\node_modules\bindings\package.json
354 verbose readDependencies loading dependencies from D:\workspace\express\app\node_modules\hiredis\node_modules\bindings\package.json
355 silly install resolved []
356 verbose about to build D:\workspace\express\app\node_modules\hiredis\node_modules\bindings
357 info build D:\workspace\express\app\node_modules\hiredis\node_modules\bindings
358 info linkStuff bindings@1.2.1
359 silly linkStuff bindings@1.2.1 has D:\workspace\express\app\node_modules\hiredis\node_modules as its parent node_modules
360 verbose linkBins bindings@1.2.1
361 verbose linkMans bindings@1.2.1
362 verbose rebuildBundles bindings@1.2.1
363 info install bindings@1.2.1
364 info postinstall bindings@1.2.1
365 verbose unlock done using C:\Users\Administrator\AppData\Roaming\npm-cache\_locks\bindings-2305ba8367e7f75f.lock for D:\workspace\express\app\node_modules\hiredis\node_modules\bindings
366 verbose write writing to D:\workspace\express\app\node_modules\hiredis\node_modules\nan\package.json
367 info preinstall nan@2.2.0
368 verbose readDependencies loading dependencies from D:\workspace\express\app\node_modules\hiredis\node_modules\nan\package.json
369 verbose readDependencies loading dependencies from D:\workspace\express\app\node_modules\hiredis\node_modules\nan\package.json
370 silly install resolved []
371 verbose about to build D:\workspace\express\app\node_modules\hiredis\node_modules\nan
372 info build D:\workspace\express\app\node_modules\hiredis\node_modules\nan
373 info linkStuff nan@2.2.0
374 silly linkStuff nan@2.2.0 has D:\workspace\express\app\node_modules\hiredis\node_modules as its parent node_modules
375 verbose linkBins nan@2.2.0
376 verbose linkMans nan@2.2.0
377 verbose rebuildBundles nan@2.2.0
378 info install nan@2.2.0
379 info postinstall nan@2.2.0
380 verbose unlock done using C:\Users\Administrator\AppData\Roaming\npm-cache\_locks\nan-9bcf9cbd4e4eaf32.lock for D:\workspace\express\app\node_modules\hiredis\node_modules\nan
381 verbose about to build D:\workspace\express\app\node_modules\hiredis
382 info build D:\workspace\express\app\node_modules\hiredis
383 info linkStuff hiredis@0.4.1
384 silly linkStuff hiredis@0.4.1 has D:\workspace\express\app\node_modules as its parent node_modules
385 verbose linkBins hiredis@0.4.1
386 verbose linkMans hiredis@0.4.1
387 verbose rebuildBundles hiredis@0.4.1
388 verbose rebuildBundles [ 'bindings', 'nan' ]
389 info install hiredis@0.4.1
390 verbose unsafe-perm in lifecycle true
391 info hiredis@0.4.1 Failed to exec install script
392 verbose unlock done using C:\Users\Administrator\AppData\Roaming\npm-cache\_locks\hiredis-411987a8a3af668e.lock for D:\workspace\express\app\node_modules\hiredis
393 verbose stack Error: hiredis@0.4.1 install: `node-gyp rebuild`
393 verbose stack Exit status 1
393 verbose stack     at EventEmitter.<anonymous> (C:\Program Files\nodejs\node_modules\npm\lib\utils\lifecycle.js:213:16)
393 verbose stack     at EventEmitter.emit (events.js:110:17)
393 verbose stack     at ChildProcess.<anonymous> (C:\Program Files\nodejs\node_modules\npm\lib\utils\spawn.js:24:14)
393 verbose stack     at ChildProcess.emit (events.js:110:17)
393 verbose stack     at maybeClose (child_process.js:1015:16)
393 verbose stack     at Process.ChildProcess._handle.onexit (child_process.js:1087:5)
394 verbose pkgid hiredis@0.4.1
395 verbose cwd D:\workspace\express\app
396 error Windows_NT 6.1.7601
397 error argv "C:\\Program Files\\nodejs\\\\node.exe" "C:\\Program Files\\nodejs\\node_modules\\npm\\bin\\npm-cli.js" "install" "hiredis"
398 error node v0.12.7
399 error npm  v2.11.3
400 error code ELIFECYCLE
401 error hiredis@0.4.1 install: `node-gyp rebuild`
401 error Exit status 1
402 error Failed at the hiredis@0.4.1 install script 'node-gyp rebuild'.
402 error This is most likely a problem with the hiredis package,
402 error not with npm itself.
402 error Tell the author that this fails on your system:
402 error     node-gyp rebuild
402 error You can get their info via:
402 error     npm owner ls hiredis
402 error There is likely additional logging output above.
403 verbose exit [ 1, true ]
404 verbose unbuild node_modules\hiredis
405 info preuninstall hiredis@0.4.1
406 info uninstall hiredis@0.4.1
407 verbose unbuild rmStuff hiredis@0.4.1 from D:\workspace\express\app\node_modules
408 info postuninstall hiredis@0.4.1
409 silly gentlyRm D:\workspace\express\app\node_modules\hiredis is being purged from base D:\workspace\express\app
410 verbose gentlyRm don't care about contents; nuking D:\workspace\express\app\node_modules\hiredis
411 silly vacuum-fs purging D:\workspace\express\app\node_modules\hiredis
412 silly vacuum-fs quitting because other entries in D:\workspace\express\app\node_modules
